{
  "stats": {
    "suites": 1,
    "tests": 20,
    "passes": 15,
    "pending": 0,
    "failures": 5,
    "start": "2025-03-14T21:34:58.871Z",
    "end": "2025-03-14T21:35:56.996Z",
    "duration": 58125,
    "testsRegistered": 20,
    "passPercent": 75,
    "pendingPercent": 0,
    "other": 0,
    "hasOther": false,
    "skipped": 0,
    "hasSkipped": false
  },
  "results": [
    {
      "uuid": "ddd00414-0f05-4058-bb3d-4f5455dd7631",
      "title": "",
      "fullFile": "cypress\\e2e\\saucedemo.cy.js",
      "file": "cypress\\e2e\\saucedemo.cy.js",
      "beforeHooks": [],
      "afterHooks": [],
      "tests": [],
      "suites": [
        {
          "uuid": "d096a42e-3ad2-4eee-b96f-2c59d1c1671b",
          "title": "Testes do SauceDemo",
          "fullFile": "",
          "file": "",
          "beforeHooks": [],
          "afterHooks": [],
          "tests": [
            {
              "title": "Deve fazer login com sucesso",
              "fullTitle": "Testes do SauceDemo Deve fazer login com sucesso",
              "timedOut": null,
              "duration": 5635,
              "state": "failed",
              "speed": null,
              "pass": false,
              "fail": true,
              "pending": false,
              "context": null,
              "code": "cy.get('[data-test=\"username\"]').type(username);\ncy.get('[data-test=\"password\"]').type(password);\ncy.get('[data-test=\"login-button\"]').click();\ncy.url().should('include', '/inventory.html');",
              "err": {
                "message": "AssertionError: Timed out retrying after 4000ms: Expected to find element: `[data-test=\"username\"]`, but never found it.",
                "estack": "AssertionError: Timed out retrying after 4000ms: Expected to find element: `[data-test=\"username\"]`, but never found it.\n    at Context.eval (webpack:///./cypress/e2e/saucedemo.cy.js:14:9)",
                "diff": null
              },
              "uuid": "7df4fad5-674a-44bc-842a-5279987a83d8",
              "parentUUID": "d096a42e-3ad2-4eee-b96f-2c59d1c1671b",
              "isHook": false,
              "skipped": false
            },
            {
              "title": "Deve exibir erro ao inserir senha incorreta",
              "fullTitle": "Testes do SauceDemo Deve exibir erro ao inserir senha incorreta",
              "timedOut": null,
              "duration": 5129,
              "state": "failed",
              "speed": null,
              "pass": false,
              "fail": true,
              "pending": false,
              "context": null,
              "code": "cy.get('[data-test=\"username\"]').type(username);\ncy.get('[data-test=\"password\"]').type('wrong_password');\ncy.get('[data-test=\"login-button\"]').click();\ncy.get('[data-test=\"error\"]').should('contain', 'Username and password do not match');",
              "err": {
                "message": "AssertionError: Timed out retrying after 4000ms: Expected to find element: `[data-test=\"username\"]`, but never found it.",
                "estack": "AssertionError: Timed out retrying after 4000ms: Expected to find element: `[data-test=\"username\"]`, but never found it.\n    at Context.eval (webpack:///./cypress/e2e/saucedemo.cy.js:22:9)",
                "diff": null
              },
              "uuid": "8c9527e3-ec82-45e6-b8ce-768ed2436bb4",
              "parentUUID": "d096a42e-3ad2-4eee-b96f-2c59d1c1671b",
              "isHook": false,
              "skipped": false
            },
            {
              "title": "Deve fazer logout com sucesso",
              "fullTitle": "Testes do SauceDemo Deve fazer logout com sucesso",
              "timedOut": null,
              "duration": 4121,
              "state": "passed",
              "speed": "fast",
              "pass": true,
              "fail": false,
              "pending": false,
              "context": null,
              "code": "cy.login(username, password);\ncy.get('#react-burger-menu-btn').click();\ncy.get('#logout_sidebar_link').click();\ncy.url().should('eq', baseUrl);",
              "err": {},
              "uuid": "95425bbd-828d-447a-9172-8db5923e8e81",
              "parentUUID": "d096a42e-3ad2-4eee-b96f-2c59d1c1671b",
              "isHook": false,
              "skipped": false
            },
            {
              "title": "Deve adicionar um produto ao carrinho",
              "fullTitle": "Testes do SauceDemo Deve adicionar um produto ao carrinho",
              "timedOut": null,
              "duration": 1693,
              "state": "passed",
              "speed": "fast",
              "pass": true,
              "fail": false,
              "pending": false,
              "context": null,
              "code": "cy.login(username, password);\ncy.get('.inventory_item').first().find('button').click();\ncy.get('.shopping_cart_badge').should('have.text', '1');",
              "err": {},
              "uuid": "d1fb0391-f428-4ab5-9ec1-baa7ec426336",
              "parentUUID": "d096a42e-3ad2-4eee-b96f-2c59d1c1671b",
              "isHook": false,
              "skipped": false
            },
            {
              "title": "Deve remover um produto do carrinho",
              "fullTitle": "Testes do SauceDemo Deve remover um produto do carrinho",
              "timedOut": null,
              "duration": 1868,
              "state": "passed",
              "speed": "fast",
              "pass": true,
              "fail": false,
              "pending": false,
              "context": null,
              "code": "cy.login(username, password);\ncy.get('.inventory_item').first().find('button').click();\ncy.get('.shopping_cart_badge').should('have.text', '1');\ncy.get('.shopping_cart_link').click();\ncy.get('.cart_button').click();\ncy.get('.shopping_cart_badge').should('not.exist');",
              "err": {},
              "uuid": "8738b76b-7ead-4d76-a2c6-7b993a92d6c9",
              "parentUUID": "d096a42e-3ad2-4eee-b96f-2c59d1c1671b",
              "isHook": false,
              "skipped": false
            },
            {
              "title": "Deve finalizar a compra",
              "fullTitle": "Testes do SauceDemo Deve finalizar a compra",
              "timedOut": null,
              "duration": 2647,
              "state": "passed",
              "speed": "fast",
              "pass": true,
              "fail": false,
              "pending": false,
              "context": null,
              "code": "cy.login(username, password);\ncy.addItemToCart();\ncy.get('.shopping_cart_link').click();\ncy.get('[data-test=\"checkout\"]').click();\ncy.get('[data-test=\"firstName\"]').type('João');\ncy.get('[data-test=\"lastName\"]').type('Silva');\ncy.get('[data-test=\"postalCode\"]').type('12345');\ncy.get('[data-test=\"continue\"]').click();\ncy.get('[data-test=\"finish\"]').click();\ncy.get('.complete-header').should('contain', 'Thank you for your order!');",
              "err": {},
              "uuid": "b4ac61b9-1be9-44f0-925a-7348a431797a",
              "parentUUID": "d096a42e-3ad2-4eee-b96f-2c59d1c1671b",
              "isHook": false,
              "skipped": false
            },
            {
              "title": "Deve ordenar produtos de A-Z",
              "fullTitle": "Testes do SauceDemo Deve ordenar produtos de A-Z",
              "timedOut": null,
              "duration": 1750,
              "state": "passed",
              "speed": "fast",
              "pass": true,
              "fail": false,
              "pending": false,
              "context": null,
              "code": "cy.login(username, password);\ncy.get('.product_sort_container').select('az');\ncy.get('.inventory_item_name').first().should('have.text', 'Sauce Labs Backpack');",
              "err": {},
              "uuid": "9dfb5ef2-7bac-4dcb-b0a1-0e6eda89d4f3",
              "parentUUID": "d096a42e-3ad2-4eee-b96f-2c59d1c1671b",
              "isHook": false,
              "skipped": false
            },
            {
              "title": "Deve ordenar produtos de Z-A",
              "fullTitle": "Testes do SauceDemo Deve ordenar produtos de Z-A",
              "timedOut": null,
              "duration": 1666,
              "state": "passed",
              "speed": "fast",
              "pass": true,
              "fail": false,
              "pending": false,
              "context": null,
              "code": "cy.login(username, password);\ncy.get('.product_sort_container').select('za');\ncy.get('.inventory_item_name').first().should('have.text', 'Test.allTheThings() T-Shirt (Red)');",
              "err": {},
              "uuid": "4b83523c-470a-43ab-b3e2-dea875658fbc",
              "parentUUID": "d096a42e-3ad2-4eee-b96f-2c59d1c1671b",
              "isHook": false,
              "skipped": false
            },
            {
              "title": "Deve ordenar produtos do menor para o maior preço",
              "fullTitle": "Testes do SauceDemo Deve ordenar produtos do menor para o maior preço",
              "timedOut": null,
              "duration": 1669,
              "state": "passed",
              "speed": "fast",
              "pass": true,
              "fail": false,
              "pending": false,
              "context": null,
              "code": "cy.login(username, password);\ncy.get('.product_sort_container').select('lohi');\ncy.get('.inventory_item_price').first().should('contain', '$7.99');",
              "err": {},
              "uuid": "bc14dd73-4214-4516-aa4a-5b976aa10d82",
              "parentUUID": "d096a42e-3ad2-4eee-b96f-2c59d1c1671b",
              "isHook": false,
              "skipped": false
            },
            {
              "title": "Deve ordenar produtos do maior para o menor preço",
              "fullTitle": "Testes do SauceDemo Deve ordenar produtos do maior para o menor preço",
              "timedOut": null,
              "duration": 1714,
              "state": "passed",
              "speed": "fast",
              "pass": true,
              "fail": false,
              "pending": false,
              "context": null,
              "code": "cy.login(username, password);\ncy.get('.product_sort_container').select('hilo');\ncy.get('.inventory_item_price').first().should('contain', '$49.99');",
              "err": {},
              "uuid": "d5be3879-07a2-4f1e-955d-8b280b62e06e",
              "parentUUID": "d096a42e-3ad2-4eee-b96f-2c59d1c1671b",
              "isHook": false,
              "skipped": false
            },
            {
              "title": "Deve exibir erro ao tentar login sem preencher os campos",
              "fullTitle": "Testes do SauceDemo Deve exibir erro ao tentar login sem preencher os campos",
              "timedOut": null,
              "duration": 4946,
              "state": "failed",
              "speed": null,
              "pass": false,
              "fail": true,
              "pending": false,
              "context": null,
              "code": "cy.get('[data-test=\"login-button\"]').click();\ncy.get('[data-test=\"error\"]').should('be.visible');",
              "err": {
                "message": "AssertionError: Timed out retrying after 4000ms: Expected to find element: `[data-test=\"login-button\"]`, but never found it.",
                "estack": "AssertionError: Timed out retrying after 4000ms: Expected to find element: `[data-test=\"login-button\"]`, but never found it.\n    at Context.eval (webpack:///./cypress/e2e/saucedemo.cy.js:98:9)",
                "diff": null
              },
              "uuid": "4b011286-bfda-400a-b6e1-47f59e7ebb8d",
              "parentUUID": "d096a42e-3ad2-4eee-b96f-2c59d1c1671b",
              "isHook": false,
              "skipped": false
            },
            {
              "title": "Deve adicionar múltiplos produtos ao carrinho",
              "fullTitle": "Testes do SauceDemo Deve adicionar múltiplos produtos ao carrinho",
              "timedOut": null,
              "duration": 2270,
              "state": "passed",
              "speed": "fast",
              "pass": true,
              "fail": false,
              "pending": false,
              "context": null,
              "code": "cy.login(username, password);\ncy.get('.inventory_item').each($el => {\n  cy.wrap($el).find('button').click();\n});\ncy.get('.shopping_cart_badge').should('have.text', '6');",
              "err": {},
              "uuid": "476eab26-9c70-482b-a561-6bb69b6bfb5d",
              "parentUUID": "d096a42e-3ad2-4eee-b96f-2c59d1c1671b",
              "isHook": false,
              "skipped": false
            },
            {
              "title": "Deve validar que o carrinho está vazio ao não adicionar produtos",
              "fullTitle": "Testes do SauceDemo Deve validar que o carrinho está vazio ao não adicionar produtos",
              "timedOut": null,
              "duration": 1949,
              "state": "passed",
              "speed": "fast",
              "pass": true,
              "fail": false,
              "pending": false,
              "context": null,
              "code": "cy.login(username, password);\ncy.get('.shopping_cart_link').click();\ncy.get('.cart_item').should('not.exist');",
              "err": {},
              "uuid": "21d7496c-7f94-4e7a-9824-0d73bbeb6adf",
              "parentUUID": "d096a42e-3ad2-4eee-b96f-2c59d1c1671b",
              "isHook": false,
              "skipped": false
            },
            {
              "title": "Deve verificar se os botões de adicionar/remover funcionam corretamente",
              "fullTitle": "Testes do SauceDemo Deve verificar se os botões de adicionar/remover funcionam corretamente",
              "timedOut": null,
              "duration": 5966,
              "state": "failed",
              "speed": null,
              "pass": false,
              "fail": true,
              "pending": false,
              "context": null,
              "code": "cy.login(username, password);\ncy.get('.inventory_item').first().find('button').click().should('have.text', 'Remove');\ncy.get('.inventory_item').first().find('button').click().should('have.text', 'Add to cart');",
              "err": {
                "message": "CypressError: Timed out retrying after 4050ms: `cy.should()` failed because the page updated as a result of this command, but you tried to continue the command chain. The subject is no longer attached to the DOM, and Cypress cannot requery the page after commands such as `cy.should()`.\n\nCommon situations why this happens:\n  - Your JS framework re-rendered asynchronously\n  - Your app code reacted to an event firing and removed the element\n\nYou can typically solve this by breaking up a chain. For example, rewrite:\n\n> `cy.get('button').click().should('have.class', 'active')`\n\nto\n\n> `cy.get('button').as('btn').click()`\n> `cy.get('@btn').should('have.class', 'active')`\n\nhttps://on.cypress.io/element-has-detached-from-dom",
                "estack": "CypressError: Timed out retrying after 4050ms: `cy.should()` failed because the page updated as a result of this command, but you tried to continue the command chain. The subject is no longer attached to the DOM, and Cypress cannot requery the page after commands such as `cy.should()`.\n\nCommon situations why this happens:\n  - Your JS framework re-rendered asynchronously\n  - Your app code reacted to an event firing and removed the element\n\nYou can typically solve this by breaking up a chain. For example, rewrite:\n\n> `cy.get('button').click().should('have.class', 'active')`\n\nto\n\n> `cy.get('button').as('btn').click()`\n> `cy.get('@btn').should('have.class', 'active')`\n\nhttps://on.cypress.io/element-has-detached-from-dom\n    at Object.isAttached (https://www.saucedemo.com/__cypress/runner/cypress_runner.js:144688:58)\n    at applyChainers (https://www.saucedemo.com/__cypress/runner/cypress_runner.js:117816:24)\n    at tryCatcher (https://www.saucedemo.com/__cypress/runner/cypress_runner.js:1777:23)\n    at Promise.attempt.Promise.try (https://www.saucedemo.com/__cypress/runner/cypress_runner.js:4285:29)\n    at Context.shouldFn (https://www.saucedemo.com/__cypress/runner/cypress_runner.js:117844:66)\n    at Context.should (https://www.saucedemo.com/__cypress/runner/cypress_runner.js:117861:23)\n    at <unknown> (https://www.saucedemo.com/__cypress/runner/cypress_runner.js:142745:39)\n    at assertions (https://www.saucedemo.com/__cypress/runner/cypress_runner.js:142993:16)\n    at tryCatcher (https://www.saucedemo.com/__cypress/runner/cypress_runner.js:1777:23)\n    at Object.gotValue (https://www.saucedemo.com/__cypress/runner/cypress_runner.js:6448:18)\n    at Object.gotAccum (https://www.saucedemo.com/__cypress/runner/cypress_runner.js:6435:25)\n    at Object.tryCatcher (https://www.saucedemo.com/__cypress/runner/cypress_runner.js:1777:23)\n    at Promise._settlePromiseFromHandler (https://www.saucedemo.com/__cypress/runner/cypress_runner.js:1489:31)\n    at Promise._settlePromise (https://www.saucedemo.com/__cypress/runner/cypress_runner.js:1546:18)\n    at Promise._settlePromiseCtx (https://www.saucedemo.com/__cypress/runner/cypress_runner.js:1583:10)\n    at _drainQueueStep (https://www.saucedemo.com/__cypress/runner/cypress_runner.js:2381:12)\n    at _drainQueue (https://www.saucedemo.com/__cypress/runner/cypress_runner.js:2370:9)\n    at Async._drainQueues (https://www.saucedemo.com/__cypress/runner/cypress_runner.js:2386:5)\n    at Async.drainQueues (https://www.saucedemo.com/__cypress/runner/cypress_runner.js:2256:14)\nFrom Your Spec Code:\n    at Context.eval (webpack:///./cypress/e2e/saucedemo.cy.js:118:63)",
                "diff": null
              },
              "uuid": "d0e12ceb-5b45-418e-aebd-b2ee02885b0c",
              "parentUUID": "d096a42e-3ad2-4eee-b96f-2c59d1c1671b",
              "isHook": false,
              "skipped": false
            },
            {
              "title": "Deve verificar se a página de erro aparece ao acessar uma URL inválida",
              "fullTitle": "Testes do SauceDemo Deve verificar se a página de erro aparece ao acessar uma URL inválida",
              "timedOut": null,
              "duration": 1196,
              "state": "failed",
              "speed": null,
              "pass": false,
              "fail": true,
              "pending": false,
              "context": null,
              "code": "cy.visit(baseUrl + 'random-url');\ncy.get('h3').should('contain', 'Epic sadface');",
              "err": {
                "message": "CypressError: `cy.visit()` failed trying to load:\n\nhttps://www.saucedemo.com/random-url\n\nThe response we received from your web server was:\n\n  > 404: Not Found\n\nThis was considered a failure because the status code was not `2xx`.\n\nIf you do not want status codes to cause failures pass the option: `failOnStatusCode: false`",
                "estack": "CypressError: `cy.visit()` failed trying to load:\n\nhttps://www.saucedemo.com/random-url\n\nThe response we received from your web server was:\n\n  > 404: Not Found\n\nThis was considered a failure because the status code was not `2xx`.\n\nIf you do not want status codes to cause failures pass the option: `failOnStatusCode: false`\n    at <unknown> (https://www.saucedemo.com/__cypress/runner/cypress_runner.js:131314:76)\n    at visitFailedByErr (https://www.saucedemo.com/__cypress/runner/cypress_runner.js:130720:12)\n    at <unknown> (https://www.saucedemo.com/__cypress/runner/cypress_runner.js:131297:13)\n    at tryCatcher (https://www.saucedemo.com/__cypress/runner/cypress_runner.js:1777:23)\n    at Promise._settlePromiseFromHandler (https://www.saucedemo.com/__cypress/runner/cypress_runner.js:1489:31)\n    at Promise._settlePromise (https://www.saucedemo.com/__cypress/runner/cypress_runner.js:1546:18)\n    at Promise._settlePromise0 (https://www.saucedemo.com/__cypress/runner/cypress_runner.js:1591:10)\n    at Promise._settlePromises (https://www.saucedemo.com/__cypress/runner/cypress_runner.js:1667:18)\n    at _drainQueueStep (https://www.saucedemo.com/__cypress/runner/cypress_runner.js:2377:12)\n    at _drainQueue (https://www.saucedemo.com/__cypress/runner/cypress_runner.js:2370:9)\n    at Async._drainQueues (https://www.saucedemo.com/__cypress/runner/cypress_runner.js:2386:5)\n    at Async.drainQueues (https://www.saucedemo.com/__cypress/runner/cypress_runner.js:2256:14)",
                "diff": null
              },
              "uuid": "f9c5c42f-c0d2-4d3f-94f8-2a9e6276d678",
              "parentUUID": "d096a42e-3ad2-4eee-b96f-2c59d1c1671b",
              "isHook": false,
              "skipped": false
            },
            {
              "title": "Deve validar a responsividade do site",
              "fullTitle": "Testes do SauceDemo Deve validar a responsividade do site",
              "timedOut": null,
              "duration": 909,
              "state": "passed",
              "speed": "fast",
              "pass": true,
              "fail": false,
              "pending": false,
              "context": null,
              "code": "cy.viewport('iphone-6');\ncy.visit(baseUrl);\ncy.get('[data-test=\"username\"]').should('be.visible');",
              "err": {},
              "uuid": "86eee1de-dd33-4e13-8bbe-0176edca207c",
              "parentUUID": "d096a42e-3ad2-4eee-b96f-2c59d1c1671b",
              "isHook": false,
              "skipped": false
            },
            {
              "title": "Deve verificar se os links de redes sociais estão presentes no rodapé",
              "fullTitle": "Testes do SauceDemo Deve verificar se os links de redes sociais estão presentes no rodapé",
              "timedOut": null,
              "duration": 1574,
              "state": "passed",
              "speed": "fast",
              "pass": true,
              "fail": false,
              "pending": false,
              "context": null,
              "code": "cy.login(username, password);\ncy.get('.social_twitter').should('exist');\ncy.get('.social_facebook').should('exist');\ncy.get('.social_linkedin').should('exist');",
              "err": {},
              "uuid": "222706be-5ead-4b80-8f2b-25bd522813f3",
              "parentUUID": "d096a42e-3ad2-4eee-b96f-2c59d1c1671b",
              "isHook": false,
              "skipped": false
            },
            {
              "title": "Deve verificar se o menu lateral abre e fecha corretamente",
              "fullTitle": "Testes do SauceDemo Deve verificar se o menu lateral abre e fecha corretamente",
              "timedOut": null,
              "duration": 4154,
              "state": "passed",
              "speed": "fast",
              "pass": true,
              "fail": false,
              "pending": false,
              "context": null,
              "code": "cy.login(username, password);\ncy.get('#react-burger-menu-btn').click();\ncy.get('.bm-menu-wrap').should('be.visible');\ncy.get('#react-burger-cross-btn').click();\ncy.get('.bm-menu-wrap').should('not.be.visible');",
              "err": {},
              "uuid": "0eda6a28-4a63-4ed7-af7d-e02b4dd93b0c",
              "parentUUID": "d096a42e-3ad2-4eee-b96f-2c59d1c1671b",
              "isHook": false,
              "skipped": false
            },
            {
              "title": "Deve verificar se o botão de reset do app limpa os produtos do carrinho",
              "fullTitle": "Testes do SauceDemo Deve verificar se o botão de reset do app limpa os produtos do carrinho",
              "timedOut": null,
              "duration": 4442,
              "state": "passed",
              "speed": "fast",
              "pass": true,
              "fail": false,
              "pending": false,
              "context": null,
              "code": "cy.login(username, password);\ncy.get('.inventory_item').first().find('button').click();\ncy.get('.shopping_cart_badge').should('have.text', '1');\ncy.get('#react-burger-menu-btn').click();\ncy.get('#reset_sidebar_link').click();\ncy.get('.shopping_cart_badge').should('not.exist');",
              "err": {},
              "uuid": "8bf987e0-cf8d-462a-a903-95c90b2acea4",
              "parentUUID": "d096a42e-3ad2-4eee-b96f-2c59d1c1671b",
              "isHook": false,
              "skipped": false
            },
            {
              "title": "Deve exibir erro ao tentar checkout sem preencher os dados",
              "fullTitle": "Testes do SauceDemo Deve exibir erro ao tentar checkout sem preencher os dados",
              "timedOut": null,
              "duration": 1875,
              "state": "passed",
              "speed": "fast",
              "pass": true,
              "fail": false,
              "pending": false,
              "context": null,
              "code": "cy.login(username, password);\ncy.get('.shopping_cart_link').click();\ncy.get('[data-test=\"checkout\"]').click();\ncy.get('[data-test=\"continue\"]').click();\ncy.get('[data-test=\"error\"]').should('be.visible');",
              "err": {},
              "uuid": "5ede5831-9d87-4c79-b4f2-dfdf5c67e88e",
              "parentUUID": "d096a42e-3ad2-4eee-b96f-2c59d1c1671b",
              "isHook": false,
              "skipped": false
            }
          ],
          "suites": [],
          "passes": [
            "95425bbd-828d-447a-9172-8db5923e8e81",
            "d1fb0391-f428-4ab5-9ec1-baa7ec426336",
            "8738b76b-7ead-4d76-a2c6-7b993a92d6c9",
            "b4ac61b9-1be9-44f0-925a-7348a431797a",
            "9dfb5ef2-7bac-4dcb-b0a1-0e6eda89d4f3",
            "4b83523c-470a-43ab-b3e2-dea875658fbc",
            "bc14dd73-4214-4516-aa4a-5b976aa10d82",
            "d5be3879-07a2-4f1e-955d-8b280b62e06e",
            "476eab26-9c70-482b-a561-6bb69b6bfb5d",
            "21d7496c-7f94-4e7a-9824-0d73bbeb6adf",
            "86eee1de-dd33-4e13-8bbe-0176edca207c",
            "222706be-5ead-4b80-8f2b-25bd522813f3",
            "0eda6a28-4a63-4ed7-af7d-e02b4dd93b0c",
            "8bf987e0-cf8d-462a-a903-95c90b2acea4",
            "5ede5831-9d87-4c79-b4f2-dfdf5c67e88e"
          ],
          "failures": [
            "7df4fad5-674a-44bc-842a-5279987a83d8",
            "8c9527e3-ec82-45e6-b8ce-768ed2436bb4",
            "4b011286-bfda-400a-b6e1-47f59e7ebb8d",
            "d0e12ceb-5b45-418e-aebd-b2ee02885b0c",
            "f9c5c42f-c0d2-4d3f-94f8-2a9e6276d678"
          ],
          "pending": [],
          "skipped": [],
          "duration": 57173,
          "root": false,
          "rootEmpty": false,
          "_timeout": 2000
        }
      ],
      "passes": [],
      "failures": [],
      "pending": [],
      "skipped": [],
      "duration": 0,
      "root": true,
      "rootEmpty": true,
      "_timeout": 2000
    }
  ],
  "meta": {
    "mocha": {
      "version": "7.0.1"
    },
    "mochawesome": {
      "options": {
        "quiet": false,
        "reportFilename": "mochawesome",
        "saveHtml": true,
        "saveJson": true,
        "consoleReporter": "spec",
        "useInlineDiffs": false,
        "code": true
      },
      "version": "7.1.3"
    },
    "marge": {
      "options": {
        "reportDir": "cypress/reports",
        "overwrite": false,
        "html": true,
        "json": true
      },
      "version": "6.2.0"
    }
  }
}